Unity Editor version:    2020.3.48f1 (b805b124c6b7)
Branch:                  2020.3/staging
Build type:              Release
Batch mode:              YES
macOS version:           Version 13.5 (Build 22G74)
Darwin version:          22.6.0
Architecture:            x86_64
Running under Rosetta:   NO
Available memory:        16384 MB
Using pre-set license
Pro License: NO

COMMAND LINE ARGUMENTS:
/Applications/Unity/Hub/Editor/2020.3.48f1/Unity.app/Contents/MacOS/Unity
-adb2
-batchMode
-noUpm
-name
AssetImportWorker0
-projectPath
/Users/gykim/Project/game-study/dogvscat
-logFile
Logs/AssetImportWorker0.log
-srvPort
49778
Successfully changed project path to: /Users/gykim/Project/game-study/dogvscat
/Users/gykim/Project/game-study/dogvscat
Using Asset Import Pipeline V2.
Player connection [140704391276288] Host "[IP] 192.168.35.240 [Port] 0 [Flags] 2 [Guid] 1544349861 [EditorId] 1544349861 [Version] 1048832 [Id] OSXEditor(0,adminui-MacBookPro.local) [Debug] 1 [PackageName] OSXEditor [ProjectName] Editor" joined multi-casting on [225.0.0.222:54997]...

Player connection [140704391276288] Host "[IP] 192.168.35.240 [Port] 0 [Flags] 2 [Guid] 1544349861 [EditorId] 1544349861 [Version] 1048832 [Id] OSXEditor(0,adminui-MacBookPro.local) [Debug] 1 [PackageName] OSXEditor [ProjectName] Editor" joined alternative multi-casting on [225.0.0.222:34997]...

Refreshing native plugins compatible for Editor in 37.36 ms, found 3 plugins.
Preloading 0 native plugins for Editor in 0.00 ms.
Initialize engine version: 2020.3.48f1 (b805b124c6b7)
[Subsystems] Discovering subsystems at path /Applications/Unity/Hub/Editor/2020.3.48f1/Unity.app/Contents/Resources/UnitySubsystems
[Subsystems] Discovering subsystems at path /Users/gykim/Project/game-study/dogvscat/Assets
GfxDevice: creating device client; threaded=0
2023-08-06 22:14:46.369 Unity[6903:218264] Color LCD preferred device: AMD Radeon Pro 5300M (high power)
2023-08-06 22:14:46.369 Unity[6903:218264] Metal devices available: 2
2023-08-06 22:14:46.369 Unity[6903:218264] 0: AMD Radeon Pro 5300M (high power)
2023-08-06 22:14:46.369 Unity[6903:218264] 1: Intel(R) UHD Graphics 630 (low power)
2023-08-06 22:14:46.369 Unity[6903:218264] Using device AMD Radeon Pro 5300M (high power)
Initializing Metal device caps: AMD Radeon Pro 5300M
Initialize mono
Mono path[0] = '/Applications/Unity/Hub/Editor/2020.3.48f1/Unity.app/Contents/Managed'
Mono path[1] = '/Applications/Unity/Hub/Editor/2020.3.48f1/Unity.app/Contents/MonoBleedingEdge/lib/mono/unityjit'
Mono config path = '/Applications/Unity/Hub/Editor/2020.3.48f1/Unity.app/Contents/MonoBleedingEdge/etc'
Using monoOptions --debugger-agent=transport=dt_socket,embedding=1,server=y,suspend=n,address=127.0.0.1:56903
Begin MonoManager ReloadAssembly
Registering precompiled unity dll's ...
Register platform support module: /Applications/Unity/Hub/Editor/2020.3.48f1/Unity.app/Contents/PlaybackEngines/MacStandaloneSupport/UnityEditor.OSXStandalone.Extensions.dll
Registered in 0.000924 seconds.
Native extension for OSXStandalone target not found
Refreshing native plugins compatible for Editor in 32.32 ms, found 3 plugins.
Preloading 0 native plugins for Editor in 0.00 ms.
Mono: successfully reloaded assembly
- Completed reload, in  0.579 seconds
Domain Reload Profiling:
	ReloadAssembly (579ms)
		BeginReloadAssembly (75ms)
			ExecutionOrderSort (0ms)
			DisableScriptedObjects (0ms)
			BackupInstance (0ms)
			ReleaseScriptingObjects (0ms)
			CreateAndSetChildDomain (1ms)
		EndReloadAssembly (437ms)
			LoadAssemblies (75ms)
			RebuildTransferFunctionScriptingTraits (0ms)
			SetupTypeCache (159ms)
			ReleaseScriptCaches (0ms)
			RebuildScriptCaches (34ms)
			SetupLoadedEditorAssemblies (166ms)
				LogAssemblyErrors (0ms)
				InitializePlatformSupportModulesInManaged (4ms)
				SetLoadedEditorAssemblies (0ms)
				RefreshPlugins (32ms)
				BeforeProcessingInitializeOnLoad (7ms)
				ProcessInitializeOnLoadAttributes (94ms)
				ProcessInitializeOnLoadMethodAttributes (28ms)
				AfterProcessingInitializeOnLoad (0ms)
				EditorAssembliesLoaded (0ms)
			ExecutionOrderSort2 (0ms)
			AwakeInstancesAfterBackupRestoration (0ms)
Platform modules already initialized, skipping
Registering precompiled user dll's ...
Registered in 0.004532 seconds.
Begin MonoManager ReloadAssembly
Native extension for OSXStandalone target not found
Refreshing native plugins compatible for Editor in 33.21 ms, found 3 plugins.
Preloading 0 native plugins for Editor in 0.00 ms.
Mono: successfully reloaded assembly
- Completed reload, in  1.104 seconds
Domain Reload Profiling:
	ReloadAssembly (1105ms)
		BeginReloadAssembly (172ms)
			ExecutionOrderSort (0ms)
			DisableScriptedObjects (5ms)
			BackupInstance (0ms)
			ReleaseScriptingObjects (0ms)
			CreateAndSetChildDomain (28ms)
		EndReloadAssembly (873ms)
			LoadAssemblies (126ms)
			RebuildTransferFunctionScriptingTraits (0ms)
			SetupTypeCache (332ms)
			ReleaseScriptCaches (0ms)
			RebuildScriptCaches (53ms)
			SetupLoadedEditorAssemblies (295ms)
				LogAssemblyErrors (0ms)
				InitializePlatformSupportModulesInManaged (3ms)
				SetLoadedEditorAssemblies (0ms)
				RefreshPlugins (33ms)
				BeforeProcessingInitializeOnLoad (51ms)
				ProcessInitializeOnLoadAttributes (191ms)
				ProcessInitializeOnLoadMethodAttributes (15ms)
				AfterProcessingInitializeOnLoad (1ms)
				EditorAssembliesLoaded (0ms)
			ExecutionOrderSort2 (0ms)
			AwakeInstancesAfterBackupRestoration (2ms)
Platform modules already initialized, skipping
Validating Project structure ... 0.000974 seconds.
Shader import version has changed; will reimport all shaders...
Upgrading shader files ...0.001496 seconds.
Application.AssetDatabase Initial Script Refresh Start
RefreshInfo: InitialScriptRefreshV2(NoUpdateAssetOptions) scanfilter:  ... 1 filters
RefreshProfiler: Total: 0.000ms
Application.AssetDatabase Initial Script Refresh End
Application.AssetDatabase.Refresh Start
Application.AssetDatabase.Refresh End
RefreshInfo: StopAssetImportingV2(ForceSynchronousImport) scanfilter: 
RefreshProfiler: Total: 0.000ms
Launching external process: /Applications/Unity/Hub/Editor/2020.3.48f1/Unity.app/Contents/Tools/UnityShaderCompiler
Launched and connected shader compiler UnityShaderCompiler after 0.02 seconds
Initializing Unity extensions:
[C# Project] Writing /Users/gykim/Project/game-study/dogvscat/dogvscat.sln because it has changed
[C# Project] First difference on line 4

[C# Project] Current /Users/gykim/Project/game-study/dogvscat/dogvscat.sln:
[C# Project]   004: Project("{FAE04EC0-301F-11D3-BF4B-00C04F79EFBC}") = "Assembly-CSharp", "Assembly-CSharp.csproj", "{C2A7D485-CE37-0A06-07E2-B40DC92F1333}"
[C# Project]   005: EndProject
[C# Project]   006: Global
[C# Project]   007: 	GlobalSection(SolutionConfigurationPlatforms) = preSolution
[C# Project]   008: 		Debug|Any CPU = Debug|Any CPU

[C# Project] New /Users/gykim/Project/game-study/dogvscat/dogvscat.sln:
[C# Project]   004: Project("{FAE04EC0-301F-11D3-BF4B-00C04F79EFBC}") = "UnityEngine.UI", "UnityEngine.UI.csproj", "{907971A7-CFC0-60BE-1DB7-83CED484E427}"
[C# Project]   005: EndProject
[C# Project]   006: Project("{FAE04EC0-301F-11D3-BF4B-00C04F79EFBC}") = "Unity.2D.PixelPerfect.Tests", "Unity.2D.PixelPerfect.Tests.csproj", "{D4AAEC96-2B5B-1D1F-2D15-C1EC03B1C9C7}"
[C# Project]   007: EndProject
[C# Project]   008: Project("{FAE04EC0-301F-11D3-BF4B-00C04F79EFBC}") = "UnityEngine.TestRunner", "UnityEngine.TestRunner.csproj", "{B09CF3F9-7D84-3174-9E20-7C3FF01F21E1}"
[C# Project] Writing /Users/gykim/Project/game-study/dogvscat/Assembly-CSharp.csproj because it has changed
[C# Project] First difference on line 281

[C# Project] Current /Users/gykim/Project/game-study/dogvscat/Assembly-CSharp.csproj:
[C# Project]   281:  <Reference Include="UnityEditor.iOS.Extensions.Xcode">
[C# Project]   282:  <HintPath>/Applications/Unity/Hub/Editor/2020.3.48f1/PlaybackEngines/iOSSupport/UnityEditor.iOS.Extensions.Xcode.dll</HintPath>
[C# Project]   283:  </Reference>
[C# Project]   284:  <Reference Include="UnityEditor.iOS.Extensions.Common">
[C# Project]   285:  <HintPath>/Applications/Unity/Hub/Editor/2020.3.48f1/PlaybackEngines/iOSSupport/UnityEditor.iOS.Extensions.Common.dll</HintPath>

[C# Project] New /Users/gykim/Project/game-study/dogvscat/Assembly-CSharp.csproj:
[C# Project]   281:  <Reference Include="netstandard">
[C# Project]   282:  <HintPath>/Applications/Unity/Hub/Editor/2020.3.48f1/Unity.app/Contents/NetStandard/ref/2.0.0/netstandard.dll</HintPath>
[C# Project]   283:  </Reference>
[C# Project]   284:  <Reference Include="Microsoft.Win32.Primitives">
[C# Project]   285:  <HintPath>/Applications/Unity/Hub/Editor/2020.3.48f1/Unity.app/Contents/NetStandard/compat/2.0.0/shims/netstandard/Microsoft.Win32.Primitives.dll</HintPath>
2023-08-06 22:14:50.805 Unity[6903:218264] NSEventModifierFlagFunction specified to -setKeyEquivalentModifierMask: for item <NSMenuItem: 0x7f796c139d90 Font Asset, ke='Command-F12'>, but is only supported for system-provided menu items; will not be used
2023-08-06 22:14:50.808 Unity[6903:218264] NSEventModifierFlagFunction specified to -setKeyEquivalentModifierMask: for item <NSMenuItem: 0x7f796c1394d0 Font Asset, ke='Command-F12'>, but is only supported for system-provided menu items; will not be used
========================================================================
Worker process is ready to serve import requests
Refreshing native plugins compatible for Editor in 0.31 ms, found 3 plugins.
Preloading 0 native plugins for Editor in 0.00 ms.
Unloading 2021 Unused Serialized files (Serialized files now loaded: 0)
System memory in use before: 107.9 MB.
System memory in use after: 107.2 MB.

Unloading 107 unused Assets to reduce memory usage. Loaded Objects now: 2498.
Total: 3.240752 ms (FindLiveObjects: 0.148457 ms CreateObjectMapping: 0.062462 ms MarkObjects: 2.548797 ms  DeleteObjects: 0.480526 ms)

AssetImportParameters requested are different than current active one (requested -> active):
  custom:video-decoder-ogg-theora: a1e56fd34408186e4bbccfd4996cb3dc -> 
  custom:container-muxer-webm: aa71ff27fc2769a1b78a27578f13a17b -> 
  custom:container-demuxer-webm: 4f35f7cbe854078d1ac9338744f61a02 -> 
  custom:container-demuxer-ogg: 62fdf1f143b41e24485cea50d1cbac27 -> 
  custom:video-encoder-webm-vp8: eb34c28f22e8b96e1ab97ce403110664 -> 
  custom:framework-osx-AVFoundation: e770b220cccbd017edd2c1fefb359320 -> 
  custom:video-decoder-webm-vp8: 9c59270c3fd7afecdb556c50c9e8de78 -> 
  custom:audio-decoder-ogg-vorbis: bf7c407c2cedff20999df2af8eb42d56 -> 
  custom:audio-encoder-webm-vorbis: bf7c407c2cedff20999df2af8eb42d56 -> 
========================================================================
Received Import Request.
  path: Assets/Scripts/cat.cs
  artifactKey: Guid(2f50f85a7ea30443c9997bbfe71176ac) Importer(815301076,1909f56bfc062723c751e8b465ee728b)
Start importing Assets/Scripts/cat.cs using Guid(2f50f85a7ea30443c9997bbfe71176ac) Importer(815301076,1909f56bfc062723c751e8b465ee728b)  -> (artifact id: '6289b528f96c91f0d3583e0875d3d224') in 0.360338 seconds 
========================================================================
Received Import Request.
  Time since last request: 8.497853 seconds.
  path: Assets/Scripts/GameManager.cs
  artifactKey: Guid(6a138ac6193ed4d5e9e6f01ce9b53c7b) Importer(815301076,1909f56bfc062723c751e8b465ee728b)
Start importing Assets/Scripts/GameManager.cs using Guid(6a138ac6193ed4d5e9e6f01ce9b53c7b) Importer(815301076,1909f56bfc062723c751e8b465ee728b)  -> (artifact id: '169cc1de8ff4c98120c5c34ecb811fee') in 0.003862 seconds 
========================================================================
Received Prepare
Refreshing native plugins compatible for Editor in 5.68 ms, found 3 plugins.
Preloading 0 native plugins for Editor in 0.00 ms.
Unloading 14 Unused Serialized files (Serialized files now loaded: 0)
System memory in use before: 70.4 MB.
System memory in use after: 70.5 MB.

Unloading 14 unused Assets to reduce memory usage. Loaded Objects now: 2498.
Total: 2.424775 ms (FindLiveObjects: 0.137793 ms CreateObjectMapping: 0.060594 ms MarkObjects: 2.183591 ms  DeleteObjects: 0.042297 ms)

AssetImportParameters requested are different than current active one (requested -> active):
  custom:video-decoder-ogg-theora: a1e56fd34408186e4bbccfd4996cb3dc -> 
  custom:container-muxer-webm: aa71ff27fc2769a1b78a27578f13a17b -> 
  custom:container-demuxer-webm: 4f35f7cbe854078d1ac9338744f61a02 -> 
  custom:container-demuxer-ogg: 62fdf1f143b41e24485cea50d1cbac27 -> 
  custom:video-encoder-webm-vp8: eb34c28f22e8b96e1ab97ce403110664 -> 
  custom:framework-osx-AVFoundation: e770b220cccbd017edd2c1fefb359320 -> 
  custom:video-decoder-webm-vp8: 9c59270c3fd7afecdb556c50c9e8de78 -> 
  custom:audio-decoder-ogg-vorbis: bf7c407c2cedff20999df2af8eb42d56 -> 
  custom:audio-encoder-webm-vorbis: bf7c407c2cedff20999df2af8eb42d56 -> 
AssetImportWorkerClient::OnTransportError - code=2 error=End of file
