Unity Editor version:    2020.3.48f1 (b805b124c6b7)
Branch:                  2020.3/staging
Build type:              Release
Batch mode:              YES
macOS version:           Version 13.5 (Build 22G74)
Darwin version:          22.6.0
Architecture:            x86_64
Running under Rosetta:   NO
Available memory:        16384 MB
Using pre-set license
Pro License: NO

COMMAND LINE ARGUMENTS:
/Applications/Unity/Hub/Editor/2020.3.48f1/Unity.app/Contents/MacOS/Unity
-adb2
-batchMode
-noUpm
-name
AssetImportWorker0
-projectPath
/Users/gykim/Project/game-study/dogvscat
-logFile
Logs/AssetImportWorker0.log
-srvPort
49824
Successfully changed project path to: /Users/gykim/Project/game-study/dogvscat
/Users/gykim/Project/game-study/dogvscat
Using Asset Import Pipeline V2.
Player connection [140704391276288] Host "[IP] 192.168.35.240 [Port] 0 [Flags] 2 [Guid] 4126415656 [EditorId] 4126415656 [Version] 1048832 [Id] OSXEditor(0,adminui-MacBookPro.local) [Debug] 1 [PackageName] OSXEditor [ProjectName] Editor" joined multi-casting on [225.0.0.222:54997]...

Player connection [140704391276288] Host "[IP] 192.168.35.240 [Port] 0 [Flags] 2 [Guid] 4126415656 [EditorId] 4126415656 [Version] 1048832 [Id] OSXEditor(0,adminui-MacBookPro.local) [Debug] 1 [PackageName] OSXEditor [ProjectName] Editor" joined alternative multi-casting on [225.0.0.222:34997]...

Refreshing native plugins compatible for Editor in 39.15 ms, found 3 plugins.
Preloading 0 native plugins for Editor in 0.00 ms.
Initialize engine version: 2020.3.48f1 (b805b124c6b7)
[Subsystems] Discovering subsystems at path /Applications/Unity/Hub/Editor/2020.3.48f1/Unity.app/Contents/Resources/UnitySubsystems
[Subsystems] Discovering subsystems at path /Users/gykim/Project/game-study/dogvscat/Assets
GfxDevice: creating device client; threaded=0
2023-08-06 22:36:49.840 Unity[7247:234436] Color LCD preferred device: AMD Radeon Pro 5300M (high power)
2023-08-06 22:36:49.840 Unity[7247:234436] Metal devices available: 2
2023-08-06 22:36:49.840 Unity[7247:234436] 0: AMD Radeon Pro 5300M (high power)
2023-08-06 22:36:49.840 Unity[7247:234436] 1: Intel(R) UHD Graphics 630 (low power)
2023-08-06 22:36:49.841 Unity[7247:234436] Using device AMD Radeon Pro 5300M (high power)
Initializing Metal device caps: AMD Radeon Pro 5300M
Initialize mono
Mono path[0] = '/Applications/Unity/Hub/Editor/2020.3.48f1/Unity.app/Contents/Managed'
Mono path[1] = '/Applications/Unity/Hub/Editor/2020.3.48f1/Unity.app/Contents/MonoBleedingEdge/lib/mono/unityjit'
Mono config path = '/Applications/Unity/Hub/Editor/2020.3.48f1/Unity.app/Contents/MonoBleedingEdge/etc'
Using monoOptions --debugger-agent=transport=dt_socket,embedding=1,server=y,suspend=n,address=127.0.0.1:56247
Begin MonoManager ReloadAssembly
Registering precompiled unity dll's ...
Register platform support module: /Applications/Unity/Hub/Editor/2020.3.48f1/Unity.app/Contents/PlaybackEngines/MacStandaloneSupport/UnityEditor.OSXStandalone.Extensions.dll
Registered in 0.001026 seconds.
Native extension for OSXStandalone target not found
Refreshing native plugins compatible for Editor in 34.40 ms, found 3 plugins.
Preloading 0 native plugins for Editor in 0.00 ms.
Mono: successfully reloaded assembly
- Completed reload, in  0.608 seconds
Domain Reload Profiling:
	ReloadAssembly (608ms)
		BeginReloadAssembly (77ms)
			ExecutionOrderSort (0ms)
			DisableScriptedObjects (0ms)
			BackupInstance (0ms)
			ReleaseScriptingObjects (0ms)
			CreateAndSetChildDomain (1ms)
		EndReloadAssembly (463ms)
			LoadAssemblies (77ms)
			RebuildTransferFunctionScriptingTraits (0ms)
			SetupTypeCache (176ms)
			ReleaseScriptCaches (0ms)
			RebuildScriptCaches (34ms)
			SetupLoadedEditorAssemblies (175ms)
				LogAssemblyErrors (0ms)
				InitializePlatformSupportModulesInManaged (4ms)
				SetLoadedEditorAssemblies (0ms)
				RefreshPlugins (34ms)
				BeforeProcessingInitializeOnLoad (7ms)
				ProcessInitializeOnLoadAttributes (96ms)
				ProcessInitializeOnLoadMethodAttributes (32ms)
				AfterProcessingInitializeOnLoad (0ms)
				EditorAssembliesLoaded (0ms)
			ExecutionOrderSort2 (0ms)
			AwakeInstancesAfterBackupRestoration (0ms)
Platform modules already initialized, skipping
Registering precompiled user dll's ...
Registered in 0.004859 seconds.
Begin MonoManager ReloadAssembly
Native extension for OSXStandalone target not found
Refreshing native plugins compatible for Editor in 39.96 ms, found 3 plugins.
Preloading 0 native plugins for Editor in 0.00 ms.
Mono: successfully reloaded assembly
- Completed reload, in  1.343 seconds
Domain Reload Profiling:
	ReloadAssembly (1344ms)
		BeginReloadAssembly (231ms)
			ExecutionOrderSort (0ms)
			DisableScriptedObjects (6ms)
			BackupInstance (0ms)
			ReleaseScriptingObjects (0ms)
			CreateAndSetChildDomain (30ms)
		EndReloadAssembly (1048ms)
			LoadAssemblies (161ms)
			RebuildTransferFunctionScriptingTraits (0ms)
			SetupTypeCache (371ms)
			ReleaseScriptCaches (0ms)
			RebuildScriptCaches (62ms)
			SetupLoadedEditorAssemblies (353ms)
				LogAssemblyErrors (0ms)
				InitializePlatformSupportModulesInManaged (4ms)
				SetLoadedEditorAssemblies (0ms)
				RefreshPlugins (40ms)
				BeforeProcessingInitializeOnLoad (59ms)
				ProcessInitializeOnLoadAttributes (230ms)
				ProcessInitializeOnLoadMethodAttributes (18ms)
				AfterProcessingInitializeOnLoad (1ms)
				EditorAssembliesLoaded (0ms)
			ExecutionOrderSort2 (0ms)
			AwakeInstancesAfterBackupRestoration (2ms)
Platform modules already initialized, skipping
Validating Project structure ... 0.001071 seconds.
Shader import version has changed; will reimport all shaders...
Upgrading shader files ...0.001599 seconds.
Application.AssetDatabase Initial Script Refresh Start
RefreshInfo: InitialScriptRefreshV2(NoUpdateAssetOptions) scanfilter:  ... 1 filters
RefreshProfiler: Total: 0.000ms
Application.AssetDatabase Initial Script Refresh End
Application.AssetDatabase.Refresh Start
Application.AssetDatabase.Refresh End
RefreshInfo: StopAssetImportingV2(ForceSynchronousImport) scanfilter: 
RefreshProfiler: Total: 0.000ms
Launching external process: /Applications/Unity/Hub/Editor/2020.3.48f1/Unity.app/Contents/Tools/UnityShaderCompiler
Launched and connected shader compiler UnityShaderCompiler after 0.02 seconds
Initializing Unity extensions:
[C# Project] Writing /Users/gykim/Project/game-study/dogvscat/dogvscat.sln because it has changed
[C# Project] First difference on line 4

[C# Project] Current /Users/gykim/Project/game-study/dogvscat/dogvscat.sln:
[C# Project]   004: Project("{FAE04EC0-301F-11D3-BF4B-00C04F79EFBC}") = "Assembly-CSharp", "Assembly-CSharp.csproj", "{C2A7D485-CE37-0A06-07E2-B40DC92F1333}"
[C# Project]   005: EndProject
[C# Project]   006: Global
[C# Project]   007: 	GlobalSection(SolutionConfigurationPlatforms) = preSolution
[C# Project]   008: 		Debug|Any CPU = Debug|Any CPU

[C# Project] New /Users/gykim/Project/game-study/dogvscat/dogvscat.sln:
[C# Project]   004: Project("{FAE04EC0-301F-11D3-BF4B-00C04F79EFBC}") = "UnityEngine.UI", "UnityEngine.UI.csproj", "{907971A7-CFC0-60BE-1DB7-83CED484E427}"
[C# Project]   005: EndProject
[C# Project]   006: Project("{FAE04EC0-301F-11D3-BF4B-00C04F79EFBC}") = "Unity.2D.PixelPerfect.Tests", "Unity.2D.PixelPerfect.Tests.csproj", "{D4AAEC96-2B5B-1D1F-2D15-C1EC03B1C9C7}"
[C# Project]   007: EndProject
[C# Project]   008: Project("{FAE04EC0-301F-11D3-BF4B-00C04F79EFBC}") = "UnityEngine.TestRunner", "UnityEngine.TestRunner.csproj", "{B09CF3F9-7D84-3174-9E20-7C3FF01F21E1}"
[C# Project] Writing /Users/gykim/Project/game-study/dogvscat/Assembly-CSharp.csproj because it has changed
[C# Project] First difference on line 281

[C# Project] Current /Users/gykim/Project/game-study/dogvscat/Assembly-CSharp.csproj:
[C# Project]   281:  <Reference Include="UnityEditor.iOS.Extensions.Xcode">
[C# Project]   282:  <HintPath>/Applications/Unity/Hub/Editor/2020.3.48f1/PlaybackEngines/iOSSupport/UnityEditor.iOS.Extensions.Xcode.dll</HintPath>
[C# Project]   283:  </Reference>
[C# Project]   284:  <Reference Include="UnityEditor.iOS.Extensions.Common">
[C# Project]   285:  <HintPath>/Applications/Unity/Hub/Editor/2020.3.48f1/PlaybackEngines/iOSSupport/UnityEditor.iOS.Extensions.Common.dll</HintPath>

[C# Project] New /Users/gykim/Project/game-study/dogvscat/Assembly-CSharp.csproj:
[C# Project]   281:  <Reference Include="netstandard">
[C# Project]   282:  <HintPath>/Applications/Unity/Hub/Editor/2020.3.48f1/Unity.app/Contents/NetStandard/ref/2.0.0/netstandard.dll</HintPath>
[C# Project]   283:  </Reference>
[C# Project]   284:  <Reference Include="Microsoft.Win32.Primitives">
[C# Project]   285:  <HintPath>/Applications/Unity/Hub/Editor/2020.3.48f1/Unity.app/Contents/NetStandard/compat/2.0.0/shims/netstandard/Microsoft.Win32.Primitives.dll</HintPath>
2023-08-06 22:36:54.991 Unity[7247:234436] NSEventModifierFlagFunction specified to -setKeyEquivalentModifierMask: for item <NSMenuItem: 0x7fa6ff8f7ef0 Font Asset, ke='Command-F12'>, but is only supported for system-provided menu items; will not be used
2023-08-06 22:36:54.996 Unity[7247:234436] NSEventModifierFlagFunction specified to -setKeyEquivalentModifierMask: for item <NSMenuItem: 0x7fa6f35e67b0 Font Asset, ke='Command-F12'>, but is only supported for system-provided menu items; will not be used
========================================================================
Worker process is ready to serve import requests
Refreshing native plugins compatible for Editor in 0.39 ms, found 3 plugins.
Preloading 0 native plugins for Editor in 0.00 ms.
Unloading 2021 Unused Serialized files (Serialized files now loaded: 0)
System memory in use before: 107.9 MB.
System memory in use after: 107.2 MB.

Unloading 107 unused Assets to reduce memory usage. Loaded Objects now: 2498.
Total: 3.602503 ms (FindLiveObjects: 0.201315 ms CreateObjectMapping: 0.085311 ms MarkObjects: 2.747745 ms  DeleteObjects: 0.567118 ms)

AssetImportParameters requested are different than current active one (requested -> active):
  custom:video-decoder-ogg-theora: a1e56fd34408186e4bbccfd4996cb3dc -> 
  custom:container-muxer-webm: aa71ff27fc2769a1b78a27578f13a17b -> 
  custom:container-demuxer-webm: 4f35f7cbe854078d1ac9338744f61a02 -> 
  custom:container-demuxer-ogg: 62fdf1f143b41e24485cea50d1cbac27 -> 
  custom:video-encoder-webm-vp8: eb34c28f22e8b96e1ab97ce403110664 -> 
  custom:framework-osx-AVFoundation: e770b220cccbd017edd2c1fefb359320 -> 
  custom:video-decoder-webm-vp8: 9c59270c3fd7afecdb556c50c9e8de78 -> 
  custom:audio-decoder-ogg-vorbis: bf7c407c2cedff20999df2af8eb42d56 -> 
  custom:audio-encoder-webm-vorbis: bf7c407c2cedff20999df2af8eb42d56 -> 
========================================================================
Received Import Request.
  path: Assets/Animations/pirateCat.anim
  artifactKey: Guid(cfb4450b71c9042ba9b911341a660ad8) Importer(815301076,1909f56bfc062723c751e8b465ee728b)
Start importing Assets/Animations/pirateCat.anim using Guid(cfb4450b71c9042ba9b911341a660ad8) Importer(815301076,1909f56bfc062723c751e8b465ee728b)  -> (artifact id: '3f535caa124be88aac555933c192046b') in 1.362379 seconds 
========================================================================
Received Import Request.
  Time since last request: 11.588549 seconds.
  path: Assets/Animations/pirateCat.controller
  artifactKey: Guid(233198f9b18b343f2bad0d3803d48e48) Importer(815301076,1909f56bfc062723c751e8b465ee728b)
Start importing Assets/Animations/pirateCat.controller using Guid(233198f9b18b343f2bad0d3803d48e48) Importer(815301076,1909f56bfc062723c751e8b465ee728b)  -> (artifact id: '33c0755c9b43028b9136f3e8f855feff') in 0.099296 seconds 
========================================================================
Received Import Request.
  Time since last request: 49.139939 seconds.
  path: Assets/Images/pirateCat_1.png
  artifactKey: Guid(da75aff27d7e54b978ca6a48bc110b08) Importer(815301076,1909f56bfc062723c751e8b465ee728b)
Start importing Assets/Images/pirateCat_1.png using Guid(da75aff27d7e54b978ca6a48bc110b08) Importer(815301076,1909f56bfc062723c751e8b465ee728b)  -> (artifact id: '18b8404216a47e08c58dbff7b2fb7e09') in 1.276038 seconds 
========================================================================
Received Import Request.
  Time since last request: 47.061436 seconds.
  path: Assets/Prefabs/pirateCat.prefab
  artifactKey: Guid(fb4d86576795a4d7f820e58b060cdcf6) Importer(815301076,1909f56bfc062723c751e8b465ee728b)
Start importing Assets/Prefabs/pirateCat.prefab using Guid(fb4d86576795a4d7f820e58b060cdcf6) Importer(815301076,1909f56bfc062723c751e8b465ee728b)  -> (artifact id: 'e1564ebe8077338245f2a48c848e6f9d') in 0.194009 seconds 
========================================================================
Received Prepare
Registering precompiled user dll's ...
Registered in 0.004995 seconds.
Begin MonoManager ReloadAssembly
Native extension for OSXStandalone target not found
Refreshing native plugins compatible for Editor in 0.41 ms, found 3 plugins.
Preloading 0 native plugins for Editor in 0.00 ms.
2023-08-06 22:41:16.871 Unity[7247:234436] NSEventModifierFlagFunction specified to -setKeyEquivalentModifierMask: for item <NSMenuItem: 0x7fa6fa65d490 Font Asset, ke='Command-F12'>, but is only supported for system-provided menu items; will not be used
Mono: successfully reloaded assembly
- Completed reload, in  1.074 seconds
Domain Reload Profiling:
	ReloadAssembly (1074ms)
		BeginReloadAssembly (149ms)
			ExecutionOrderSort (0ms)
			DisableScriptedObjects (7ms)
			BackupInstance (0ms)
			ReleaseScriptingObjects (0ms)
			CreateAndSetChildDomain (51ms)
		EndReloadAssembly (869ms)
			LoadAssemblies (121ms)
			RebuildTransferFunctionScriptingTraits (0ms)
			SetupTypeCache (327ms)
			ReleaseScriptCaches (1ms)
			RebuildScriptCaches (47ms)
			SetupLoadedEditorAssemblies (305ms)
				LogAssemblyErrors (0ms)
				InitializePlatformSupportModulesInManaged (4ms)
				SetLoadedEditorAssemblies (1ms)
				RefreshPlugins (0ms)
				BeforeProcessingInitializeOnLoad (91ms)
				ProcessInitializeOnLoadAttributes (196ms)
				ProcessInitializeOnLoadMethodAttributes (13ms)
				AfterProcessingInitializeOnLoad (1ms)
				EditorAssembliesLoaded (0ms)
			ExecutionOrderSort2 (0ms)
			AwakeInstancesAfterBackupRestoration (2ms)
Platform modules already initialized, skipping
Refreshing native plugins compatible for Editor in 0.37 ms, found 3 plugins.
Preloading 0 native plugins for Editor in 0.00 ms.
Unloading 2011 Unused Serialized files (Serialized files now loaded: 0)
System memory in use before: 121.7 MB.
System memory in use after: 121.8 MB.

Unloading 17 unused Assets to reduce memory usage. Loaded Objects now: 2512.
Total: 2.325482 ms (FindLiveObjects: 0.114739 ms CreateObjectMapping: 0.050439 ms MarkObjects: 2.105180 ms  DeleteObjects: 0.054587 ms)

AssetImportParameters requested are different than current active one (requested -> active):
  custom:video-decoder-ogg-theora: a1e56fd34408186e4bbccfd4996cb3dc -> 
  custom:container-muxer-webm: aa71ff27fc2769a1b78a27578f13a17b -> 
  custom:container-demuxer-webm: 4f35f7cbe854078d1ac9338744f61a02 -> 
  custom:container-demuxer-ogg: 62fdf1f143b41e24485cea50d1cbac27 -> 
  custom:video-encoder-webm-vp8: eb34c28f22e8b96e1ab97ce403110664 -> 
  custom:framework-osx-AVFoundation: e770b220cccbd017edd2c1fefb359320 -> 
  custom:video-decoder-webm-vp8: 9c59270c3fd7afecdb556c50c9e8de78 -> 
  custom:audio-decoder-ogg-vorbis: bf7c407c2cedff20999df2af8eb42d56 -> 
  custom:audio-encoder-webm-vorbis: bf7c407c2cedff20999df2af8eb42d56 -> 
========================================================================
Received Import Request.
  Time since last request: 151.656961 seconds.
  path: Assets/Scripts/cat.cs
  artifactKey: Guid(2f50f85a7ea30443c9997bbfe71176ac) Importer(815301076,1909f56bfc062723c751e8b465ee728b)
Start importing Assets/Scripts/cat.cs using Guid(2f50f85a7ea30443c9997bbfe71176ac) Importer(815301076,1909f56bfc062723c751e8b465ee728b)  -> (artifact id: '963b4dcd07cb8b6defc0bef32bc8941b') in 0.131261 seconds 
========================================================================
Received Import Request.
  Time since last request: 83.950212 seconds.
  path: Assets/Scripts/GameManager.cs
  artifactKey: Guid(6a138ac6193ed4d5e9e6f01ce9b53c7b) Importer(815301076,1909f56bfc062723c751e8b465ee728b)
Start importing Assets/Scripts/GameManager.cs using Guid(6a138ac6193ed4d5e9e6f01ce9b53c7b) Importer(815301076,1909f56bfc062723c751e8b465ee728b)  -> (artifact id: '60790dfde83a828c9b20c2c54b21c458') in 0.002318 seconds 
========================================================================
Received Import Request.
  Time since last request: 11.219903 seconds.
  path: Assets/Scripts/GameManager.cs
  artifactKey: Guid(6a138ac6193ed4d5e9e6f01ce9b53c7b) Importer(815301076,1909f56bfc062723c751e8b465ee728b)
Start importing Assets/Scripts/GameManager.cs using Guid(6a138ac6193ed4d5e9e6f01ce9b53c7b) Importer(815301076,1909f56bfc062723c751e8b465ee728b)  -> (artifact id: 'd97e3d280f9c92a58a1e67cb0171aad4') in 0.002441 seconds 
========================================================================
Received Prepare
Registering precompiled user dll's ...
Registered in 0.004832 seconds.
Begin MonoManager ReloadAssembly
Native extension for OSXStandalone target not found
Refreshing native plugins compatible for Editor in 0.38 ms, found 3 plugins.
Preloading 0 native plugins for Editor in 0.00 ms.
2023-08-06 22:43:27.752 Unity[7247:234436] NSEventModifierFlagFunction specified to -setKeyEquivalentModifierMask: for item <NSMenuItem: 0x7fa6fb95a1b0 Font Asset, ke='Command-F12'>, but is only supported for system-provided menu items; will not be used
Mono: successfully reloaded assembly
- Completed reload, in  1.140 seconds
Domain Reload Profiling:
	ReloadAssembly (1140ms)
		BeginReloadAssembly (156ms)
			ExecutionOrderSort (0ms)
			DisableScriptedObjects (7ms)
			BackupInstance (0ms)
			ReleaseScriptingObjects (0ms)
			CreateAndSetChildDomain (56ms)
		EndReloadAssembly (921ms)
			LoadAssemblies (132ms)
			RebuildTransferFunctionScriptingTraits (0ms)
			SetupTypeCache (327ms)
			ReleaseScriptCaches (1ms)
			RebuildScriptCaches (54ms)
			SetupLoadedEditorAssemblies (334ms)
				LogAssemblyErrors (0ms)
				InitializePlatformSupportModulesInManaged (4ms)
				SetLoadedEditorAssemblies (0ms)
				RefreshPlugins (0ms)
				BeforeProcessingInitializeOnLoad (100ms)
				ProcessInitializeOnLoadAttributes (215ms)
				ProcessInitializeOnLoadMethodAttributes (13ms)
				AfterProcessingInitializeOnLoad (1ms)
				EditorAssembliesLoaded (0ms)
			ExecutionOrderSort2 (0ms)
			AwakeInstancesAfterBackupRestoration (3ms)
Platform modules already initialized, skipping
Refreshing native plugins compatible for Editor in 0.36 ms, found 3 plugins.
Preloading 0 native plugins for Editor in 0.00 ms.
Unloading 2011 Unused Serialized files (Serialized files now loaded: 0)
System memory in use before: 125.9 MB.
System memory in use after: 126.0 MB.

Unloading 16 unused Assets to reduce memory usage. Loaded Objects now: 2515.
Total: 3.341517 ms (FindLiveObjects: 0.197105 ms CreateObjectMapping: 0.091296 ms MarkObjects: 2.975356 ms  DeleteObjects: 0.076938 ms)

AssetImportParameters requested are different than current active one (requested -> active):
  custom:video-decoder-ogg-theora: a1e56fd34408186e4bbccfd4996cb3dc -> 
  custom:container-muxer-webm: aa71ff27fc2769a1b78a27578f13a17b -> 
  custom:container-demuxer-webm: 4f35f7cbe854078d1ac9338744f61a02 -> 
  custom:container-demuxer-ogg: 62fdf1f143b41e24485cea50d1cbac27 -> 
  custom:video-encoder-webm-vp8: eb34c28f22e8b96e1ab97ce403110664 -> 
  custom:framework-osx-AVFoundation: e770b220cccbd017edd2c1fefb359320 -> 
  custom:video-decoder-webm-vp8: 9c59270c3fd7afecdb556c50c9e8de78 -> 
  custom:audio-decoder-ogg-vorbis: bf7c407c2cedff20999df2af8eb42d56 -> 
  custom:audio-encoder-webm-vorbis: bf7c407c2cedff20999df2af8eb42d56 -> 
========================================================================
Received Prepare
Registering precompiled user dll's ...
Registered in 0.004406 seconds.
Begin MonoManager ReloadAssembly
Native extension for OSXStandalone target not found
Refreshing native plugins compatible for Editor in 0.42 ms, found 3 plugins.
Preloading 0 native plugins for Editor in 0.00 ms.
2023-08-06 22:46:02.222 Unity[7247:234436] NSEventModifierFlagFunction specified to -setKeyEquivalentModifierMask: for item <NSMenuItem: 0x7fa6ff792280 Font Asset, ke='Command-F12'>, but is only supported for system-provided menu items; will not be used
Mono: successfully reloaded assembly
- Completed reload, in  1.210 seconds
Domain Reload Profiling:
	ReloadAssembly (1210ms)
		BeginReloadAssembly (162ms)
			ExecutionOrderSort (0ms)
			DisableScriptedObjects (7ms)
			BackupInstance (0ms)
			ReleaseScriptingObjects (0ms)
			CreateAndSetChildDomain (56ms)
		EndReloadAssembly (980ms)
			LoadAssemblies (138ms)
			RebuildTransferFunctionScriptingTraits (0ms)
			SetupTypeCache (358ms)
			ReleaseScriptCaches (1ms)
			RebuildScriptCaches (57ms)
			SetupLoadedEditorAssemblies (349ms)
				LogAssemblyErrors (0ms)
				InitializePlatformSupportModulesInManaged (4ms)
				SetLoadedEditorAssemblies (1ms)
				RefreshPlugins (0ms)
				BeforeProcessingInitializeOnLoad (101ms)
				ProcessInitializeOnLoadAttributes (228ms)
				ProcessInitializeOnLoadMethodAttributes (12ms)
				AfterProcessingInitializeOnLoad (1ms)
				EditorAssembliesLoaded (0ms)
			ExecutionOrderSort2 (0ms)
			AwakeInstancesAfterBackupRestoration (3ms)
Platform modules already initialized, skipping
Refreshing native plugins compatible for Editor in 0.56 ms, found 3 plugins.
Preloading 0 native plugins for Editor in 0.00 ms.
Unloading 2011 Unused Serialized files (Serialized files now loaded: 0)
System memory in use before: 125.9 MB.
System memory in use after: 126.0 MB.

Unloading 16 unused Assets to reduce memory usage. Loaded Objects now: 2518.
Total: 2.863065 ms (FindLiveObjects: 0.145512 ms CreateObjectMapping: 0.080104 ms MarkObjects: 2.571191 ms  DeleteObjects: 0.065534 ms)

AssetImportParameters requested are different than current active one (requested -> active):
  custom:video-decoder-ogg-theora: a1e56fd34408186e4bbccfd4996cb3dc -> 
  custom:container-muxer-webm: aa71ff27fc2769a1b78a27578f13a17b -> 
  custom:container-demuxer-webm: 4f35f7cbe854078d1ac9338744f61a02 -> 
  custom:container-demuxer-ogg: 62fdf1f143b41e24485cea50d1cbac27 -> 
  custom:video-encoder-webm-vp8: eb34c28f22e8b96e1ab97ce403110664 -> 
  custom:framework-osx-AVFoundation: e770b220cccbd017edd2c1fefb359320 -> 
  custom:video-decoder-webm-vp8: 9c59270c3fd7afecdb556c50c9e8de78 -> 
  custom:audio-decoder-ogg-vorbis: bf7c407c2cedff20999df2af8eb42d56 -> 
  custom:audio-encoder-webm-vorbis: bf7c407c2cedff20999df2af8eb42d56 -> 
AssetImportWorkerClient::OnTransportError - code=2 error=End of file
